read1: (g=0): rw=read, bs=4K-4K/4K-4K/4K-4K, ioengine=libaio, iodepth=3
fio-2.11
Starting 1 process

read1: (groupid=0, jobs=1): err= 0: pid=1403: Sun Apr 23 23:10:26 2017
  read : io=12288B, bw=4000.0KB/s, iops=1000, runt=     3msec
    slat (usec): min=13, max=59, avg=29.00, stdev=26.00
    clat (usec): min=2285, max=2310, avg=2300.67, stdev=13.65
     lat (usec): min=2299, max=2368, avg=2331.00, stdev=34.77
    clat percentiles (usec):
     |  1.00th=[ 2288],  5.00th=[ 2288], 10.00th=[ 2288], 20.00th=[ 2288],
     | 30.00th=[ 2288], 40.00th=[ 2320], 50.00th=[ 2320], 60.00th=[ 2320],
     | 70.00th=[ 2320], 80.00th=[ 2320], 90.00th=[ 2320], 95.00th=[ 2320],
     | 99.00th=[ 2320], 99.50th=[ 2320], 99.90th=[ 2320], 99.95th=[ 2320],
     | 99.99th=[ 2320]
    lat (msec) : 4=100.00%
  cpu          : usr=0.00%, sys=0.00%, ctx=2, majf=0, minf=23
  IO depths    : 1=33.3%, 2=66.7%, 4=0.0%, 8=0.0%, 16=0.0%, 32=0.0%, >=64=0.0%
     submit    : 0=0.0%, 4=100.0%, 8=0.0%, 16=0.0%, 32=0.0%, 64=0.0%, >=64=0.0%
     complete  : 0=0.0%, 4=100.0%, 8=0.0%, 16=0.0%, 32=0.0%, 64=0.0%, >=64=0.0%
     issued    : total=r=3/w=0/d=0, short=r=0/w=0/d=0, drop=r=0/w=0/d=0
     latency   : target=0, window=0, percentile=100.00%, depth=3

Run status group 0 (all jobs):
   READ: io=12KB, aggrb=4000KB/s, minb=4000KB/s, maxb=4000KB/s, mint=3msec, maxt=3msec

Disk stats (read/write):
  sdb: ios=0/0, merge=0/0, ticks=0/0, in_queue=0, util=0.00%
  sdc: ios=0/0, merge=0/0, ticks=0/0, in_queue=0, util=0.00%
  sdd: ios=0/0, merge=0/0, ticks=0/0, in_queue=0, util=0.00%
