read1: (g=0): rw=read, bs=4K-4K/4K-4K/4K-4K, ioengine=libaio, iodepth=3
fio-2.11
Starting 1 process

read1: (groupid=0, jobs=1): err= 0: pid=1416: Mon Apr 24 01:59:19 2017
  read : io=12288B, bw=4000.0KB/s, iops=1000, runt=     3msec
    slat (usec): min=25, max=81, avg=47.00, stdev=29.87
    clat (usec): min=2534, max=2690, avg=2599.00, stdev=81.18
     lat (usec): min=2560, max=2774, avg=2647.67, stdev=112.12
    clat percentiles (usec):
     |  1.00th=[ 2544],  5.00th=[ 2544], 10.00th=[ 2544], 20.00th=[ 2544],
     | 30.00th=[ 2544], 40.00th=[ 2576], 50.00th=[ 2576], 60.00th=[ 2576],
     | 70.00th=[ 2704], 80.00th=[ 2704], 90.00th=[ 2704], 95.00th=[ 2704],
     | 99.00th=[ 2704], 99.50th=[ 2704], 99.90th=[ 2704], 99.95th=[ 2704],
     | 99.99th=[ 2704]
    lat (msec) : 4=100.00%
  cpu          : usr=0.00%, sys=0.00%, ctx=1, majf=0, minf=23
  IO depths    : 1=33.3%, 2=66.7%, 4=0.0%, 8=0.0%, 16=0.0%, 32=0.0%, >=64=0.0%
     submit    : 0=0.0%, 4=100.0%, 8=0.0%, 16=0.0%, 32=0.0%, 64=0.0%, >=64=0.0%
     complete  : 0=0.0%, 4=100.0%, 8=0.0%, 16=0.0%, 32=0.0%, 64=0.0%, >=64=0.0%
     issued    : total=r=3/w=0/d=0, short=r=0/w=0/d=0, drop=r=0/w=0/d=0
     latency   : target=0, window=0, percentile=100.00%, depth=3

Run status group 0 (all jobs):
   READ: io=12KB, aggrb=4000KB/s, minb=4000KB/s, maxb=4000KB/s, mint=3msec, maxt=3msec

Disk stats (read/write):
  sdb: ios=0/0, merge=0/0, ticks=0/0, in_queue=0, util=0.00%
  sdc: ios=0/0, merge=0/0, ticks=0/0, in_queue=0, util=0.00%
  sdd: ios=0/0, merge=0/0, ticks=0/0, in_queue=0, util=0.00%
